<?xml version="1.0" encoding="UTF-8"?>
<testsuite xmlns:xsi="http://www.w3.org/2001/XMLSchema-instance" xsi:noNamespaceSchemaLocation="https://maven.apache.org/surefire/maven-surefire-plugin/xsd/surefire-test-report-3.0.xsd" version="3.0" name="edu.stanford.nlp.trees.UniversalEnglishGrammaticalStructureTest" time="0.215" tests="270" errors="0" skipped="0" failures="0">
  <properties>
    <property name="java.specification.version" value="17"/>
    <property name="sun.cpu.isalist" value="amd64"/>
    <property name="sun.jnu.encoding" value="Cp1252"/>
    <property name="java.class.path" value="C:\Users\repip\Documents\School Stuff (temp)\cs152\cs152-proj\target\test-classes;C:\Users\repip\Documents\School Stuff (temp)\cs152\cs152-proj\target\classes;C:\Users\repip\.m2\repository\com\apple\AppleJavaExtensions\1.4\AppleJavaExtensions-1.4.jar;C:\Users\repip\.m2\repository\de\jollyday\jollyday\0.4.9\jollyday-0.4.9.jar;C:\Users\repip\.m2\repository\org\apache\commons\commons-lang3\3.3.1\commons-lang3-3.3.1.jar;C:\Users\repip\.m2\repository\org\apache\lucene\lucene-queryparser\7.5.0\lucene-queryparser-7.5.0.jar;C:\Users\repip\.m2\repository\org\apache\lucene\lucene-queries\7.5.0\lucene-queries-7.5.0.jar;C:\Users\repip\.m2\repository\org\apache\lucene\lucene-sandbox\7.5.0\lucene-sandbox-7.5.0.jar;C:\Users\repip\.m2\repository\org\apache\lucene\lucene-analyzers-common\7.5.0\lucene-analyzers-common-7.5.0.jar;C:\Users\repip\.m2\repository\org\apache\lucene\lucene-core\7.5.0\lucene-core-7.5.0.jar;C:\Users\repip\.m2\repository\jakarta\servlet\jakarta.servlet-api\4.0.4\jakarta.servlet-api-4.0.4.jar;C:\Users\repip\.m2\repository\xom\xom\1.3.9\xom-1.3.9.jar;C:\Users\repip\.m2\repository\xerces\xercesImpl\2.12.2\xercesImpl-2.12.2.jar;C:\Users\repip\.m2\repository\xml-apis\xml-apis\1.4.01\xml-apis-1.4.01.jar;C:\Users\repip\.m2\repository\xalan\xalan\2.7.3\xalan-2.7.3.jar;C:\Users\repip\.m2\repository\xalan\serializer\2.7.3\serializer-2.7.3.jar;C:\Users\repip\.m2\repository\joda-time\joda-time\2.10.5\joda-time-2.10.5.jar;C:\Users\repip\.m2\repository\org\ejml\ejml-core\0.39\ejml-core-0.39.jar;C:\Users\repip\.m2\repository\com\google\code\findbugs\jsr305\3.0.2\jsr305-3.0.2.jar;C:\Users\repip\.m2\repository\org\ejml\ejml-ddense\0.39\ejml-ddense-0.39.jar;C:\Users\repip\.m2\repository\org\ejml\ejml-simple\0.39\ejml-simple-0.39.jar;C:\Users\repip\.m2\repository\org\ejml\ejml-fdense\0.39\ejml-fdense-0.39.jar;C:\Users\repip\.m2\repository\org\ejml\ejml-cdense\0.39\ejml-cdense-0.39.jar;C:\Users\repip\.m2\repository\org\ejml\ejml-zdense\0.39\ejml-zdense-0.39.jar;C:\Users\repip\.m2\repository\org\ejml\ejml-dsparse\0.39\ejml-dsparse-0.39.jar;C:\Users\repip\.m2\repository\org\ejml\ejml-fsparse\0.39\ejml-fsparse-0.39.jar;C:\Users\repip\.m2\repository\org\glassfish\javax.json\1.0.4\javax.json-1.0.4.jar;C:\Users\repip\.m2\repository\org\slf4j\slf4j-api\1.7.12\slf4j-api-1.7.12.jar;C:\Users\repip\.m2\repository\com\google\protobuf\protobuf-java\3.19.6\protobuf-java-3.19.6.jar;C:\Users\repip\.m2\repository\junit\junit\4.13.1\junit-4.13.1.jar;C:\Users\repip\.m2\repository\org\hamcrest\hamcrest-core\1.3\hamcrest-core-1.3.jar;C:\Users\repip\.m2\repository\com\pholser\junit-quickcheck-core\0.5\junit-quickcheck-core-0.5.jar;C:\Users\repip\.m2\repository\org\junit\contrib\junit-theories\5.0-alpha-3\junit-theories-5.0-alpha-3.jar;C:\Users\repip\.m2\repository\org\javaruntype\javaruntype\1.2\javaruntype-1.2.jar;C:\Users\repip\.m2\repository\org\antlr\antlr-runtime\3.1.2\antlr-runtime-3.1.2.jar;C:\Users\repip\.m2\repository\ognl\ognl\3.0.5\ognl-3.0.5.jar;C:\Users\repip\.m2\repository\javassist\javassist\3.11.0.GA\javassist-3.11.0.GA.jar;C:\Users\repip\.m2\repository\com\pholser\junit-quickcheck-generators\0.5\junit-quickcheck-generators-0.5.jar;C:\Users\repip\.m2\repository\javax\activation\javax.activation-api\1.2.0\javax.activation-api-1.2.0.jar;C:\Users\repip\.m2\repository\javax\xml\bind\jaxb-api\2.4.0-b180830.0359\jaxb-api-2.4.0-b180830.0359.jar;C:\Users\repip\.m2\repository\com\sun\istack\istack-commons-runtime\3.0.7\istack-commons-runtime-3.0.7.jar;C:\Users\repip\.m2\repository\com\sun\xml\bind\jaxb-impl\2.4.0-b180830.0438\jaxb-impl-2.4.0-b180830.0438.jar;"/>
    <property name="java.vm.vendor" value="Oracle Corporation"/>
    <property name="sun.arch.data.model" value="64"/>
    <property name="user.variant" value=""/>
    <property name="java.vendor.url" value="https://java.oracle.com/"/>
    <property name="user.timezone" value="America/Los_Angeles"/>
    <property name="os.name" value="Windows 10"/>
    <property name="java.vm.specification.version" value="17"/>
    <property name="sun.java.launcher" value="SUN_STANDARD"/>
    <property name="user.country" value="US"/>
    <property name="sun.boot.library.path" value="C:\Program Files\Java\jdk-17.0.2\bin"/>
    <property name="sun.java.command" value="C:\Users\repip\AppData\Local\Temp\surefire14532946060711573783\surefirebooter-20240807172116016_3.jar C:\Users\repip\AppData\Local\Temp\surefire14532946060711573783 2024-08-07T17-21-15_925-jvmRun1 surefire-20240807172116016_1tmp surefire_0-20240807172116016_2tmp"/>
    <property name="jdk.debug" value="release"/>
    <property name="surefire.test.class.path" value="C:\Users\repip\Documents\School Stuff (temp)\cs152\cs152-proj\target\test-classes;C:\Users\repip\Documents\School Stuff (temp)\cs152\cs152-proj\target\classes;C:\Users\repip\.m2\repository\com\apple\AppleJavaExtensions\1.4\AppleJavaExtensions-1.4.jar;C:\Users\repip\.m2\repository\de\jollyday\jollyday\0.4.9\jollyday-0.4.9.jar;C:\Users\repip\.m2\repository\org\apache\commons\commons-lang3\3.3.1\commons-lang3-3.3.1.jar;C:\Users\repip\.m2\repository\org\apache\lucene\lucene-queryparser\7.5.0\lucene-queryparser-7.5.0.jar;C:\Users\repip\.m2\repository\org\apache\lucene\lucene-queries\7.5.0\lucene-queries-7.5.0.jar;C:\Users\repip\.m2\repository\org\apache\lucene\lucene-sandbox\7.5.0\lucene-sandbox-7.5.0.jar;C:\Users\repip\.m2\repository\org\apache\lucene\lucene-analyzers-common\7.5.0\lucene-analyzers-common-7.5.0.jar;C:\Users\repip\.m2\repository\org\apache\lucene\lucene-core\7.5.0\lucene-core-7.5.0.jar;C:\Users\repip\.m2\repository\jakarta\servlet\jakarta.servlet-api\4.0.4\jakarta.servlet-api-4.0.4.jar;C:\Users\repip\.m2\repository\xom\xom\1.3.9\xom-1.3.9.jar;C:\Users\repip\.m2\repository\xerces\xercesImpl\2.12.2\xercesImpl-2.12.2.jar;C:\Users\repip\.m2\repository\xml-apis\xml-apis\1.4.01\xml-apis-1.4.01.jar;C:\Users\repip\.m2\repository\xalan\xalan\2.7.3\xalan-2.7.3.jar;C:\Users\repip\.m2\repository\xalan\serializer\2.7.3\serializer-2.7.3.jar;C:\Users\repip\.m2\repository\joda-time\joda-time\2.10.5\joda-time-2.10.5.jar;C:\Users\repip\.m2\repository\org\ejml\ejml-core\0.39\ejml-core-0.39.jar;C:\Users\repip\.m2\repository\com\google\code\findbugs\jsr305\3.0.2\jsr305-3.0.2.jar;C:\Users\repip\.m2\repository\org\ejml\ejml-ddense\0.39\ejml-ddense-0.39.jar;C:\Users\repip\.m2\repository\org\ejml\ejml-simple\0.39\ejml-simple-0.39.jar;C:\Users\repip\.m2\repository\org\ejml\ejml-fdense\0.39\ejml-fdense-0.39.jar;C:\Users\repip\.m2\repository\org\ejml\ejml-cdense\0.39\ejml-cdense-0.39.jar;C:\Users\repip\.m2\repository\org\ejml\ejml-zdense\0.39\ejml-zdense-0.39.jar;C:\Users\repip\.m2\repository\org\ejml\ejml-dsparse\0.39\ejml-dsparse-0.39.jar;C:\Users\repip\.m2\repository\org\ejml\ejml-fsparse\0.39\ejml-fsparse-0.39.jar;C:\Users\repip\.m2\repository\org\glassfish\javax.json\1.0.4\javax.json-1.0.4.jar;C:\Users\repip\.m2\repository\org\slf4j\slf4j-api\1.7.12\slf4j-api-1.7.12.jar;C:\Users\repip\.m2\repository\com\google\protobuf\protobuf-java\3.19.6\protobuf-java-3.19.6.jar;C:\Users\repip\.m2\repository\junit\junit\4.13.1\junit-4.13.1.jar;C:\Users\repip\.m2\repository\org\hamcrest\hamcrest-core\1.3\hamcrest-core-1.3.jar;C:\Users\repip\.m2\repository\com\pholser\junit-quickcheck-core\0.5\junit-quickcheck-core-0.5.jar;C:\Users\repip\.m2\repository\org\junit\contrib\junit-theories\5.0-alpha-3\junit-theories-5.0-alpha-3.jar;C:\Users\repip\.m2\repository\org\javaruntype\javaruntype\1.2\javaruntype-1.2.jar;C:\Users\repip\.m2\repository\org\antlr\antlr-runtime\3.1.2\antlr-runtime-3.1.2.jar;C:\Users\repip\.m2\repository\ognl\ognl\3.0.5\ognl-3.0.5.jar;C:\Users\repip\.m2\repository\javassist\javassist\3.11.0.GA\javassist-3.11.0.GA.jar;C:\Users\repip\.m2\repository\com\pholser\junit-quickcheck-generators\0.5\junit-quickcheck-generators-0.5.jar;C:\Users\repip\.m2\repository\javax\activation\javax.activation-api\1.2.0\javax.activation-api-1.2.0.jar;C:\Users\repip\.m2\repository\javax\xml\bind\jaxb-api\2.4.0-b180830.0359\jaxb-api-2.4.0-b180830.0359.jar;C:\Users\repip\.m2\repository\com\sun\istack\istack-commons-runtime\3.0.7\istack-commons-runtime-3.0.7.jar;C:\Users\repip\.m2\repository\com\sun\xml\bind\jaxb-impl\2.4.0-b180830.0438\jaxb-impl-2.4.0-b180830.0438.jar;"/>
    <property name="sun.cpu.endian" value="little"/>
    <property name="user.home" value="C:\Users\repip"/>
    <property name="user.language" value="en"/>
    <property name="java.specification.vendor" value="Oracle Corporation"/>
    <property name="java.version.date" value="2022-01-18"/>
    <property name="java.home" value="C:\Program Files\Java\jdk-17.0.2"/>
    <property name="file.separator" value="\"/>
    <property name="basedir" value="C:\Users\repip\Documents\School Stuff (temp)\cs152\cs152-proj"/>
    <property name="java.vm.compressedOopsMode" value="Zero based"/>
    <property name="line.separator" value="&#10;"/>
    <property name="java.vm.specification.vendor" value="Oracle Corporation"/>
    <property name="java.specification.name" value="Java Platform API Specification"/>
    <property name="surefire.real.class.path" value="C:\Users\repip\AppData\Local\Temp\surefire14532946060711573783\surefirebooter-20240807172116016_3.jar"/>
    <property name="user.script" value=""/>
    <property name="sun.management.compiler" value="HotSpot 64-Bit Tiered Compilers"/>
    <property name="java.runtime.version" value="17.0.2+8-LTS-86"/>
    <property name="user.name" value="repip"/>
    <property name="path.separator" value=";"/>
    <property name="os.version" value="10.0"/>
    <property name="java.runtime.name" value="Java(TM) SE Runtime Environment"/>
    <property name="file.encoding" value="Cp1252"/>
    <property name="java.vm.name" value="Java HotSpot(TM) 64-Bit Server VM"/>
    <property name="localRepository" value="C:\Users\repip\.m2\repository"/>
    <property name="java.vendor.url.bug" value="https://bugreport.java.com/bugreport/"/>
    <property name="java.io.tmpdir" value="C:\Users\repip\AppData\Local\Temp\"/>
    <property name="java.version" value="17.0.2"/>
    <property name="user.dir" value="C:\Users\repip\Documents\School Stuff (temp)\cs152\cs152-proj"/>
    <property name="os.arch" value="amd64"/>
    <property name="ssplit.eolonly" value="false"/>
    <property name="java.vm.specification.name" value="Java Virtual Machine Specification"/>
    <property name="sun.os.patch.level" value=""/>
    <property name="native.encoding" value="Cp1252"/>
    <property name="java.library.path" value="C:\Program Files\Java\jdk-17.0.2\bin;C:\Windows\Sun\Java\bin;C:\Windows\system32;C:\Windows;C:\Program Files (x86)\Razer Chroma SDK\bin;C:\Program Files\Razer Chroma SDK\bin;C:\Program Files (x86)\Razer\ChromaBroadcast\bin;C:\Program Files\Razer\ChromaBroadcast\bin;C:\Windows\system32;C:\Windows;C:\Windows\System32\Wbem;C:\Windows\System32\WindowsPowerShell\v1.0\;C:\Windows\System32\OpenSSH\;C:\Program Files (x86)\NVIDIA Corporation\PhysX\Common;C:\Program Files\NVIDIA Corporation\NVIDIA NvDLISR;C:\Users\repip\AppData\Local\Microsoft\WindowsApps;C:\Windows\system32\config\systemprofile\AppData\Local\Microsoft\WindowsApps;C:\Program Files\Git\cmd;C:\Program Files\Java\jdk-11.0.18+10\bin;C:\Program Files\nodejs\;C:\ProgramData\chocolatey\bin;C:\Users\repip\Downloads\apache-maven-3.9.8-bin\apache-maven-3.9.8\bin;C:\Users\repip\Documents\School Stuff (temp)\cs152\stanford-corenlp-models-current.jar;C:\Users\repip\AppData\Local\Programs\Python\Python312\Scripts\;C:\Users\repip\AppData\Local\Programs\Python\Python312\;C:\Users\repip\AppData\Local\Programs\Python\Launcher\;C:\Users\repip\AppData\Local\Microsoft\WindowsApps;C:\Users\repip\AppData\Local\GitHubDesktop\bin;C:\Users\repip\IntelliJ IDEA Community Edition 2022.3.3\bin;;D:\Microsoft VS Code\bin;C:\intelFPGA\18.1\modelsim_ase\win32aloem;C:\Users\repip\AppData\Local\Microsoft\WinGet\Packages\Schniz.fnm_Microsoft.Winget.Source_8wekyb3d8bbwe;;C:\ghcup\bin;C:\Users\repip\AppData\Roaming\npm;."/>
    <property name="java.vm.info" value="mixed mode, sharing"/>
    <property name="java.vendor" value="Oracle Corporation"/>
    <property name="java.vm.version" value="17.0.2+8-LTS-86"/>
    <property name="sun.io.unicode.encoding" value="UnicodeLittle"/>
    <property name="java.class.version" value="61.0"/>
  </properties>
  <testcase name="doTest[0]" classname="edu.stanford.nlp.trees.UniversalEnglishGrammaticalStructureTest" time="0.002"/>
  <testcase name="doTest[1]" classname="edu.stanford.nlp.trees.UniversalEnglishGrammaticalStructureTest" time="0.001"/>
  <testcase name="doTest[2]" classname="edu.stanford.nlp.trees.UniversalEnglishGrammaticalStructureTest" time="0.0"/>
  <testcase name="doTest[3]" classname="edu.stanford.nlp.trees.UniversalEnglishGrammaticalStructureTest" time="0.001"/>
  <testcase name="doTest[4]" classname="edu.stanford.nlp.trees.UniversalEnglishGrammaticalStructureTest" time="0.001"/>
  <testcase name="doTest[5]" classname="edu.stanford.nlp.trees.UniversalEnglishGrammaticalStructureTest" time="0.0"/>
  <testcase name="doTest[6]" classname="edu.stanford.nlp.trees.UniversalEnglishGrammaticalStructureTest" time="0.001"/>
  <testcase name="doTest[7]" classname="edu.stanford.nlp.trees.UniversalEnglishGrammaticalStructureTest" time="0.001"/>
  <testcase name="doTest[8]" classname="edu.stanford.nlp.trees.UniversalEnglishGrammaticalStructureTest" time="0.0"/>
  <testcase name="doTest[9]" classname="edu.stanford.nlp.trees.UniversalEnglishGrammaticalStructureTest" time="0.001"/>
  <testcase name="doTest[10]" classname="edu.stanford.nlp.trees.UniversalEnglishGrammaticalStructureTest" time="0.0"/>
  <testcase name="doTest[11]" classname="edu.stanford.nlp.trees.UniversalEnglishGrammaticalStructureTest" time="0.001"/>
  <testcase name="doTest[12]" classname="edu.stanford.nlp.trees.UniversalEnglishGrammaticalStructureTest" time="0.001"/>
  <testcase name="doTest[13]" classname="edu.stanford.nlp.trees.UniversalEnglishGrammaticalStructureTest" time="0.001"/>
  <testcase name="doTest[14]" classname="edu.stanford.nlp.trees.UniversalEnglishGrammaticalStructureTest" time="0.0"/>
  <testcase name="doTest[15]" classname="edu.stanford.nlp.trees.UniversalEnglishGrammaticalStructureTest" time="0.001"/>
  <testcase name="doTest[16]" classname="edu.stanford.nlp.trees.UniversalEnglishGrammaticalStructureTest" time="0.002"/>
  <testcase name="doTest[17]" classname="edu.stanford.nlp.trees.UniversalEnglishGrammaticalStructureTest" time="0.0"/>
  <testcase name="doTest[18]" classname="edu.stanford.nlp.trees.UniversalEnglishGrammaticalStructureTest" time="0.001"/>
  <testcase name="doTest[19]" classname="edu.stanford.nlp.trees.UniversalEnglishGrammaticalStructureTest" time="0.001"/>
  <testcase name="doTest[20]" classname="edu.stanford.nlp.trees.UniversalEnglishGrammaticalStructureTest" time="0.0"/>
  <testcase name="doTest[21]" classname="edu.stanford.nlp.trees.UniversalEnglishGrammaticalStructureTest" time="0.001"/>
  <testcase name="doTest[22]" classname="edu.stanford.nlp.trees.UniversalEnglishGrammaticalStructureTest" time="0.0"/>
  <testcase name="doTest[23]" classname="edu.stanford.nlp.trees.UniversalEnglishGrammaticalStructureTest" time="0.001"/>
  <testcase name="doTest[24]" classname="edu.stanford.nlp.trees.UniversalEnglishGrammaticalStructureTest" time="0.001"/>
  <testcase name="doTest[25]" classname="edu.stanford.nlp.trees.UniversalEnglishGrammaticalStructureTest" time="0.001"/>
  <testcase name="doTest[26]" classname="edu.stanford.nlp.trees.UniversalEnglishGrammaticalStructureTest" time="0.003"/>
  <testcase name="doTest[27]" classname="edu.stanford.nlp.trees.UniversalEnglishGrammaticalStructureTest" time="0.001"/>
  <testcase name="doTest[28]" classname="edu.stanford.nlp.trees.UniversalEnglishGrammaticalStructureTest" time="0.001"/>
  <testcase name="doTest[29]" classname="edu.stanford.nlp.trees.UniversalEnglishGrammaticalStructureTest" time="0.001"/>
  <testcase name="doTest[30]" classname="edu.stanford.nlp.trees.UniversalEnglishGrammaticalStructureTest" time="0.001"/>
  <testcase name="doTest[31]" classname="edu.stanford.nlp.trees.UniversalEnglishGrammaticalStructureTest" time="0.0"/>
  <testcase name="doTest[32]" classname="edu.stanford.nlp.trees.UniversalEnglishGrammaticalStructureTest" time="0.001"/>
  <testcase name="doTest[33]" classname="edu.stanford.nlp.trees.UniversalEnglishGrammaticalStructureTest" time="0.001"/>
  <testcase name="doTest[34]" classname="edu.stanford.nlp.trees.UniversalEnglishGrammaticalStructureTest" time="0.0"/>
  <testcase name="doTest[35]" classname="edu.stanford.nlp.trees.UniversalEnglishGrammaticalStructureTest" time="0.0"/>
  <testcase name="doTest[36]" classname="edu.stanford.nlp.trees.UniversalEnglishGrammaticalStructureTest" time="0.001"/>
  <testcase name="doTest[37]" classname="edu.stanford.nlp.trees.UniversalEnglishGrammaticalStructureTest" time="0.0"/>
  <testcase name="doTest[38]" classname="edu.stanford.nlp.trees.UniversalEnglishGrammaticalStructureTest" time="0.001"/>
  <testcase name="doTest[39]" classname="edu.stanford.nlp.trees.UniversalEnglishGrammaticalStructureTest" time="0.0"/>
  <testcase name="doTest[40]" classname="edu.stanford.nlp.trees.UniversalEnglishGrammaticalStructureTest" time="0.001"/>
  <testcase name="doTest[41]" classname="edu.stanford.nlp.trees.UniversalEnglishGrammaticalStructureTest" time="0.0"/>
  <testcase name="doTest[42]" classname="edu.stanford.nlp.trees.UniversalEnglishGrammaticalStructureTest" time="0.001"/>
  <testcase name="doTest[43]" classname="edu.stanford.nlp.trees.UniversalEnglishGrammaticalStructureTest" time="0.001"/>
  <testcase name="doTest[44]" classname="edu.stanford.nlp.trees.UniversalEnglishGrammaticalStructureTest" time="0.0"/>
  <testcase name="doTest[45]" classname="edu.stanford.nlp.trees.UniversalEnglishGrammaticalStructureTest" time="0.001"/>
  <testcase name="doTest[46]" classname="edu.stanford.nlp.trees.UniversalEnglishGrammaticalStructureTest" time="0.001"/>
  <testcase name="doTest[47]" classname="edu.stanford.nlp.trees.UniversalEnglishGrammaticalStructureTest" time="0.001"/>
  <testcase name="doTest[48]" classname="edu.stanford.nlp.trees.UniversalEnglishGrammaticalStructureTest" time="0.001"/>
  <testcase name="doTest[49]" classname="edu.stanford.nlp.trees.UniversalEnglishGrammaticalStructureTest" time="0.0"/>
  <testcase name="doTest[50]" classname="edu.stanford.nlp.trees.UniversalEnglishGrammaticalStructureTest" time="0.001"/>
  <testcase name="doTest[51]" classname="edu.stanford.nlp.trees.UniversalEnglishGrammaticalStructureTest" time="0.0"/>
  <testcase name="doTest[52]" classname="edu.stanford.nlp.trees.UniversalEnglishGrammaticalStructureTest" time="0.001"/>
  <testcase name="doTest[53]" classname="edu.stanford.nlp.trees.UniversalEnglishGrammaticalStructureTest" time="0.001"/>
  <testcase name="doTest[54]" classname="edu.stanford.nlp.trees.UniversalEnglishGrammaticalStructureTest" time="0.0"/>
  <testcase name="doTest[55]" classname="edu.stanford.nlp.trees.UniversalEnglishGrammaticalStructureTest" time="0.001"/>
  <testcase name="doTest[56]" classname="edu.stanford.nlp.trees.UniversalEnglishGrammaticalStructureTest" time="0.0"/>
  <testcase name="doTest[57]" classname="edu.stanford.nlp.trees.UniversalEnglishGrammaticalStructureTest" time="0.001"/>
  <testcase name="doTest[58]" classname="edu.stanford.nlp.trees.UniversalEnglishGrammaticalStructureTest" time="0.0"/>
  <testcase name="doTest[59]" classname="edu.stanford.nlp.trees.UniversalEnglishGrammaticalStructureTest" time="0.001"/>
  <testcase name="doTest[60]" classname="edu.stanford.nlp.trees.UniversalEnglishGrammaticalStructureTest" time="0.0"/>
  <testcase name="doTest[61]" classname="edu.stanford.nlp.trees.UniversalEnglishGrammaticalStructureTest" time="0.001"/>
  <testcase name="doTest[62]" classname="edu.stanford.nlp.trees.UniversalEnglishGrammaticalStructureTest" time="0.0"/>
  <testcase name="doTest[63]" classname="edu.stanford.nlp.trees.UniversalEnglishGrammaticalStructureTest" time="0.001"/>
  <testcase name="doTest[64]" classname="edu.stanford.nlp.trees.UniversalEnglishGrammaticalStructureTest" time="0.0"/>
  <testcase name="doTest[65]" classname="edu.stanford.nlp.trees.UniversalEnglishGrammaticalStructureTest" time="0.001"/>
  <testcase name="doTest[66]" classname="edu.stanford.nlp.trees.UniversalEnglishGrammaticalStructureTest" time="0.0"/>
  <testcase name="doTest[67]" classname="edu.stanford.nlp.trees.UniversalEnglishGrammaticalStructureTest" time="0.001"/>
  <testcase name="doTest[68]" classname="edu.stanford.nlp.trees.UniversalEnglishGrammaticalStructureTest" time="0.001"/>
  <testcase name="doTest[69]" classname="edu.stanford.nlp.trees.UniversalEnglishGrammaticalStructureTest" time="0.0"/>
  <testcase name="doTest[70]" classname="edu.stanford.nlp.trees.UniversalEnglishGrammaticalStructureTest" time="0.001"/>
  <testcase name="doTest[71]" classname="edu.stanford.nlp.trees.UniversalEnglishGrammaticalStructureTest" time="0.001"/>
  <testcase name="doTest[72]" classname="edu.stanford.nlp.trees.UniversalEnglishGrammaticalStructureTest" time="0.001"/>
  <testcase name="doTest[73]" classname="edu.stanford.nlp.trees.UniversalEnglishGrammaticalStructureTest" time="0.0"/>
  <testcase name="doTest[74]" classname="edu.stanford.nlp.trees.UniversalEnglishGrammaticalStructureTest" time="0.001"/>
  <testcase name="doTest[75]" classname="edu.stanford.nlp.trees.UniversalEnglishGrammaticalStructureTest" time="0.001"/>
  <testcase name="doTest[76]" classname="edu.stanford.nlp.trees.UniversalEnglishGrammaticalStructureTest" time="0.002"/>
  <testcase name="doTest[77]" classname="edu.stanford.nlp.trees.UniversalEnglishGrammaticalStructureTest" time="0.001"/>
  <testcase name="doTest[78]" classname="edu.stanford.nlp.trees.UniversalEnglishGrammaticalStructureTest" time="0.001"/>
  <testcase name="doTest[79]" classname="edu.stanford.nlp.trees.UniversalEnglishGrammaticalStructureTest" time="0.0"/>
  <testcase name="doTest[80]" classname="edu.stanford.nlp.trees.UniversalEnglishGrammaticalStructureTest" time="0.002"/>
  <testcase name="doTest[81]" classname="edu.stanford.nlp.trees.UniversalEnglishGrammaticalStructureTest" time="0.001"/>
  <testcase name="doTest[82]" classname="edu.stanford.nlp.trees.UniversalEnglishGrammaticalStructureTest" time="0.002"/>
  <testcase name="doTest[83]" classname="edu.stanford.nlp.trees.UniversalEnglishGrammaticalStructureTest" time="0.001"/>
  <testcase name="doTest[84]" classname="edu.stanford.nlp.trees.UniversalEnglishGrammaticalStructureTest" time="0.001"/>
  <testcase name="doTest[85]" classname="edu.stanford.nlp.trees.UniversalEnglishGrammaticalStructureTest" time="0.001"/>
  <testcase name="doTest[86]" classname="edu.stanford.nlp.trees.UniversalEnglishGrammaticalStructureTest" time="0.001"/>
  <testcase name="doTest[87]" classname="edu.stanford.nlp.trees.UniversalEnglishGrammaticalStructureTest" time="0.001"/>
  <testcase name="doTest[88]" classname="edu.stanford.nlp.trees.UniversalEnglishGrammaticalStructureTest" time="0.001"/>
  <testcase name="doTest[89]" classname="edu.stanford.nlp.trees.UniversalEnglishGrammaticalStructureTest" time="0.0"/>
  <testcase name="doTest[90]" classname="edu.stanford.nlp.trees.UniversalEnglishGrammaticalStructureTest" time="0.002"/>
  <testcase name="doTest[91]" classname="edu.stanford.nlp.trees.UniversalEnglishGrammaticalStructureTest" time="0.001"/>
  <testcase name="doTest[92]" classname="edu.stanford.nlp.trees.UniversalEnglishGrammaticalStructureTest" time="0.001"/>
  <testcase name="doTest[93]" classname="edu.stanford.nlp.trees.UniversalEnglishGrammaticalStructureTest" time="0.0"/>
  <testcase name="doTest[94]" classname="edu.stanford.nlp.trees.UniversalEnglishGrammaticalStructureTest" time="0.001"/>
  <testcase name="doTest[95]" classname="edu.stanford.nlp.trees.UniversalEnglishGrammaticalStructureTest" time="0.0"/>
  <testcase name="doTest[96]" classname="edu.stanford.nlp.trees.UniversalEnglishGrammaticalStructureTest" time="0.001"/>
  <testcase name="doTest[97]" classname="edu.stanford.nlp.trees.UniversalEnglishGrammaticalStructureTest" time="0.0"/>
  <testcase name="doTest[98]" classname="edu.stanford.nlp.trees.UniversalEnglishGrammaticalStructureTest" time="0.001"/>
  <testcase name="doTest[99]" classname="edu.stanford.nlp.trees.UniversalEnglishGrammaticalStructureTest" time="0.0"/>
  <testcase name="doTest[100]" classname="edu.stanford.nlp.trees.UniversalEnglishGrammaticalStructureTest" time="0.001"/>
  <testcase name="doTest[101]" classname="edu.stanford.nlp.trees.UniversalEnglishGrammaticalStructureTest" time="0.001"/>
  <testcase name="doTest[102]" classname="edu.stanford.nlp.trees.UniversalEnglishGrammaticalStructureTest" time="0.001"/>
  <testcase name="doTest[103]" classname="edu.stanford.nlp.trees.UniversalEnglishGrammaticalStructureTest" time="0.001"/>
  <testcase name="doTest[104]" classname="edu.stanford.nlp.trees.UniversalEnglishGrammaticalStructureTest" time="0.0"/>
  <testcase name="doTest[105]" classname="edu.stanford.nlp.trees.UniversalEnglishGrammaticalStructureTest" time="0.001"/>
  <testcase name="doTest[106]" classname="edu.stanford.nlp.trees.UniversalEnglishGrammaticalStructureTest" time="0.0"/>
  <testcase name="doTest[107]" classname="edu.stanford.nlp.trees.UniversalEnglishGrammaticalStructureTest" time="0.0"/>
  <testcase name="doTest[108]" classname="edu.stanford.nlp.trees.UniversalEnglishGrammaticalStructureTest" time="0.001"/>
  <testcase name="doTest[109]" classname="edu.stanford.nlp.trees.UniversalEnglishGrammaticalStructureTest" time="0.0"/>
  <testcase name="doTest[110]" classname="edu.stanford.nlp.trees.UniversalEnglishGrammaticalStructureTest" time="0.0"/>
  <testcase name="doTest[111]" classname="edu.stanford.nlp.trees.UniversalEnglishGrammaticalStructureTest" time="0.001"/>
  <testcase name="doTest[112]" classname="edu.stanford.nlp.trees.UniversalEnglishGrammaticalStructureTest" time="0.0"/>
  <testcase name="doTest[113]" classname="edu.stanford.nlp.trees.UniversalEnglishGrammaticalStructureTest" time="0.001"/>
  <testcase name="doTest[114]" classname="edu.stanford.nlp.trees.UniversalEnglishGrammaticalStructureTest" time="0.001"/>
  <testcase name="doTest[115]" classname="edu.stanford.nlp.trees.UniversalEnglishGrammaticalStructureTest" time="0.0"/>
  <testcase name="doTest[116]" classname="edu.stanford.nlp.trees.UniversalEnglishGrammaticalStructureTest" time="0.001"/>
  <testcase name="doTest[117]" classname="edu.stanford.nlp.trees.UniversalEnglishGrammaticalStructureTest" time="0.0"/>
  <testcase name="doTest[118]" classname="edu.stanford.nlp.trees.UniversalEnglishGrammaticalStructureTest" time="0.0"/>
  <testcase name="doTest[119]" classname="edu.stanford.nlp.trees.UniversalEnglishGrammaticalStructureTest" time="0.001"/>
  <testcase name="doTest[120]" classname="edu.stanford.nlp.trees.UniversalEnglishGrammaticalStructureTest" time="0.0"/>
  <testcase name="doTest[121]" classname="edu.stanford.nlp.trees.UniversalEnglishGrammaticalStructureTest" time="0.001"/>
  <testcase name="doTest[122]" classname="edu.stanford.nlp.trees.UniversalEnglishGrammaticalStructureTest" time="0.0"/>
  <testcase name="doTest[123]" classname="edu.stanford.nlp.trees.UniversalEnglishGrammaticalStructureTest" time="0.001"/>
  <testcase name="doTest[124]" classname="edu.stanford.nlp.trees.UniversalEnglishGrammaticalStructureTest" time="0.001"/>
  <testcase name="doTest[125]" classname="edu.stanford.nlp.trees.UniversalEnglishGrammaticalStructureTest" time="0.0"/>
  <testcase name="doTest[126]" classname="edu.stanford.nlp.trees.UniversalEnglishGrammaticalStructureTest" time="0.001"/>
  <testcase name="doTest[127]" classname="edu.stanford.nlp.trees.UniversalEnglishGrammaticalStructureTest" time="0.0"/>
  <testcase name="doTest[128]" classname="edu.stanford.nlp.trees.UniversalEnglishGrammaticalStructureTest" time="0.001"/>
  <testcase name="doTest[129]" classname="edu.stanford.nlp.trees.UniversalEnglishGrammaticalStructureTest" time="0.0"/>
  <testcase name="doTest[130]" classname="edu.stanford.nlp.trees.UniversalEnglishGrammaticalStructureTest" time="0.0"/>
  <testcase name="doTest[131]" classname="edu.stanford.nlp.trees.UniversalEnglishGrammaticalStructureTest" time="0.001"/>
  <testcase name="doTest[132]" classname="edu.stanford.nlp.trees.UniversalEnglishGrammaticalStructureTest" time="0.0"/>
  <testcase name="doTest[133]" classname="edu.stanford.nlp.trees.UniversalEnglishGrammaticalStructureTest" time="0.0"/>
  <testcase name="doTest[134]" classname="edu.stanford.nlp.trees.UniversalEnglishGrammaticalStructureTest" time="0.001"/>
  <testcase name="doTest[135]" classname="edu.stanford.nlp.trees.UniversalEnglishGrammaticalStructureTest" time="0.0"/>
  <testcase name="doTest[136]" classname="edu.stanford.nlp.trees.UniversalEnglishGrammaticalStructureTest" time="0.001"/>
  <testcase name="doTest[137]" classname="edu.stanford.nlp.trees.UniversalEnglishGrammaticalStructureTest" time="0.0"/>
  <testcase name="doTest[138]" classname="edu.stanford.nlp.trees.UniversalEnglishGrammaticalStructureTest" time="0.001"/>
  <testcase name="doTest[139]" classname="edu.stanford.nlp.trees.UniversalEnglishGrammaticalStructureTest" time="0.0"/>
  <testcase name="doTest[140]" classname="edu.stanford.nlp.trees.UniversalEnglishGrammaticalStructureTest" time="0.0"/>
  <testcase name="doTest[141]" classname="edu.stanford.nlp.trees.UniversalEnglishGrammaticalStructureTest" time="0.001"/>
  <testcase name="doTest[142]" classname="edu.stanford.nlp.trees.UniversalEnglishGrammaticalStructureTest" time="0.0"/>
  <testcase name="doTest[143]" classname="edu.stanford.nlp.trees.UniversalEnglishGrammaticalStructureTest" time="0.003"/>
  <testcase name="doTest[144]" classname="edu.stanford.nlp.trees.UniversalEnglishGrammaticalStructureTest" time="0.0"/>
  <testcase name="doTest[145]" classname="edu.stanford.nlp.trees.UniversalEnglishGrammaticalStructureTest" time="0.001"/>
  <testcase name="doTest[146]" classname="edu.stanford.nlp.trees.UniversalEnglishGrammaticalStructureTest" time="0.0"/>
  <testcase name="doTest[147]" classname="edu.stanford.nlp.trees.UniversalEnglishGrammaticalStructureTest" time="0.001"/>
  <testcase name="doTest[148]" classname="edu.stanford.nlp.trees.UniversalEnglishGrammaticalStructureTest" time="0.0"/>
  <testcase name="doTest[149]" classname="edu.stanford.nlp.trees.UniversalEnglishGrammaticalStructureTest" time="0.0"/>
  <testcase name="doTest[150]" classname="edu.stanford.nlp.trees.UniversalEnglishGrammaticalStructureTest" time="0.001"/>
  <testcase name="doTest[151]" classname="edu.stanford.nlp.trees.UniversalEnglishGrammaticalStructureTest" time="0.0"/>
  <testcase name="doTest[152]" classname="edu.stanford.nlp.trees.UniversalEnglishGrammaticalStructureTest" time="0.001"/>
  <testcase name="doTest[153]" classname="edu.stanford.nlp.trees.UniversalEnglishGrammaticalStructureTest" time="0.0"/>
  <testcase name="doTest[154]" classname="edu.stanford.nlp.trees.UniversalEnglishGrammaticalStructureTest" time="0.001"/>
  <testcase name="doTest[155]" classname="edu.stanford.nlp.trees.UniversalEnglishGrammaticalStructureTest" time="0.0"/>
  <testcase name="doTest[156]" classname="edu.stanford.nlp.trees.UniversalEnglishGrammaticalStructureTest" time="0.0"/>
  <testcase name="doTest[157]" classname="edu.stanford.nlp.trees.UniversalEnglishGrammaticalStructureTest" time="0.001"/>
  <testcase name="doTest[158]" classname="edu.stanford.nlp.trees.UniversalEnglishGrammaticalStructureTest" time="0.0"/>
  <testcase name="doTest[159]" classname="edu.stanford.nlp.trees.UniversalEnglishGrammaticalStructureTest" time="0.0"/>
  <testcase name="doTest[160]" classname="edu.stanford.nlp.trees.UniversalEnglishGrammaticalStructureTest" time="0.001"/>
  <testcase name="doTest[161]" classname="edu.stanford.nlp.trees.UniversalEnglishGrammaticalStructureTest" time="0.0"/>
  <testcase name="doTest[162]" classname="edu.stanford.nlp.trees.UniversalEnglishGrammaticalStructureTest" time="0.001"/>
  <testcase name="doTest[163]" classname="edu.stanford.nlp.trees.UniversalEnglishGrammaticalStructureTest" time="0.0"/>
  <testcase name="doTest[164]" classname="edu.stanford.nlp.trees.UniversalEnglishGrammaticalStructureTest" time="0.0"/>
  <testcase name="doTest[165]" classname="edu.stanford.nlp.trees.UniversalEnglishGrammaticalStructureTest" time="0.001"/>
  <testcase name="doTest[166]" classname="edu.stanford.nlp.trees.UniversalEnglishGrammaticalStructureTest" time="0.0"/>
  <testcase name="doTest[167]" classname="edu.stanford.nlp.trees.UniversalEnglishGrammaticalStructureTest" time="0.001"/>
  <testcase name="doTest[168]" classname="edu.stanford.nlp.trees.UniversalEnglishGrammaticalStructureTest" time="0.0"/>
  <testcase name="doTest[169]" classname="edu.stanford.nlp.trees.UniversalEnglishGrammaticalStructureTest" time="0.0"/>
  <testcase name="doTest[170]" classname="edu.stanford.nlp.trees.UniversalEnglishGrammaticalStructureTest" time="0.001"/>
  <testcase name="doTest[171]" classname="edu.stanford.nlp.trees.UniversalEnglishGrammaticalStructureTest" time="0.0"/>
  <testcase name="doTest[172]" classname="edu.stanford.nlp.trees.UniversalEnglishGrammaticalStructureTest" time="0.001"/>
  <testcase name="doTest[173]" classname="edu.stanford.nlp.trees.UniversalEnglishGrammaticalStructureTest" time="0.0"/>
  <testcase name="doTest[174]" classname="edu.stanford.nlp.trees.UniversalEnglishGrammaticalStructureTest" time="0.001"/>
  <testcase name="doTest[175]" classname="edu.stanford.nlp.trees.UniversalEnglishGrammaticalStructureTest" time="0.0"/>
  <testcase name="doTest[176]" classname="edu.stanford.nlp.trees.UniversalEnglishGrammaticalStructureTest" time="0.0"/>
  <testcase name="doTest[177]" classname="edu.stanford.nlp.trees.UniversalEnglishGrammaticalStructureTest" time="0.001"/>
  <testcase name="doTest[178]" classname="edu.stanford.nlp.trees.UniversalEnglishGrammaticalStructureTest" time="0.001"/>
  <testcase name="doTest[179]" classname="edu.stanford.nlp.trees.UniversalEnglishGrammaticalStructureTest" time="0.0"/>
  <testcase name="doTest[180]" classname="edu.stanford.nlp.trees.UniversalEnglishGrammaticalStructureTest" time="0.0"/>
  <testcase name="doTest[181]" classname="edu.stanford.nlp.trees.UniversalEnglishGrammaticalStructureTest" time="0.001"/>
  <testcase name="doTest[182]" classname="edu.stanford.nlp.trees.UniversalEnglishGrammaticalStructureTest" time="0.0"/>
  <testcase name="doTest[183]" classname="edu.stanford.nlp.trees.UniversalEnglishGrammaticalStructureTest" time="0.001"/>
  <testcase name="doTest[184]" classname="edu.stanford.nlp.trees.UniversalEnglishGrammaticalStructureTest" time="0.0"/>
  <testcase name="doTest[185]" classname="edu.stanford.nlp.trees.UniversalEnglishGrammaticalStructureTest" time="0.001"/>
  <testcase name="doTest[186]" classname="edu.stanford.nlp.trees.UniversalEnglishGrammaticalStructureTest" time="0.0"/>
  <testcase name="doTest[187]" classname="edu.stanford.nlp.trees.UniversalEnglishGrammaticalStructureTest" time="0.001"/>
  <testcase name="doTest[188]" classname="edu.stanford.nlp.trees.UniversalEnglishGrammaticalStructureTest" time="0.0"/>
  <testcase name="doTest[189]" classname="edu.stanford.nlp.trees.UniversalEnglishGrammaticalStructureTest" time="0.001"/>
  <testcase name="doTest[190]" classname="edu.stanford.nlp.trees.UniversalEnglishGrammaticalStructureTest" time="0.0"/>
  <testcase name="doTest[191]" classname="edu.stanford.nlp.trees.UniversalEnglishGrammaticalStructureTest" time="0.0"/>
  <testcase name="doTest[192]" classname="edu.stanford.nlp.trees.UniversalEnglishGrammaticalStructureTest" time="0.001"/>
  <testcase name="doTest[193]" classname="edu.stanford.nlp.trees.UniversalEnglishGrammaticalStructureTest" time="0.001"/>
  <testcase name="doTest[194]" classname="edu.stanford.nlp.trees.UniversalEnglishGrammaticalStructureTest" time="0.001"/>
  <testcase name="doTest[195]" classname="edu.stanford.nlp.trees.UniversalEnglishGrammaticalStructureTest" time="0.0"/>
  <testcase name="doTest[196]" classname="edu.stanford.nlp.trees.UniversalEnglishGrammaticalStructureTest" time="0.001"/>
  <testcase name="doTest[197]" classname="edu.stanford.nlp.trees.UniversalEnglishGrammaticalStructureTest" time="0.0"/>
  <testcase name="doTest[198]" classname="edu.stanford.nlp.trees.UniversalEnglishGrammaticalStructureTest" time="0.001"/>
  <testcase name="doTest[199]" classname="edu.stanford.nlp.trees.UniversalEnglishGrammaticalStructureTest" time="0.001"/>
  <testcase name="doTest[200]" classname="edu.stanford.nlp.trees.UniversalEnglishGrammaticalStructureTest" time="0.0"/>
  <testcase name="doTest[201]" classname="edu.stanford.nlp.trees.UniversalEnglishGrammaticalStructureTest" time="0.002"/>
  <testcase name="doTest[202]" classname="edu.stanford.nlp.trees.UniversalEnglishGrammaticalStructureTest" time="0.001"/>
  <testcase name="doTest[203]" classname="edu.stanford.nlp.trees.UniversalEnglishGrammaticalStructureTest" time="0.003"/>
  <testcase name="doTest[204]" classname="edu.stanford.nlp.trees.UniversalEnglishGrammaticalStructureTest" time="0.003"/>
  <testcase name="doTest[205]" classname="edu.stanford.nlp.trees.UniversalEnglishGrammaticalStructureTest" time="0.002"/>
  <testcase name="doTest[206]" classname="edu.stanford.nlp.trees.UniversalEnglishGrammaticalStructureTest" time="0.001"/>
  <testcase name="doTest[207]" classname="edu.stanford.nlp.trees.UniversalEnglishGrammaticalStructureTest" time="0.002"/>
  <testcase name="doTest[208]" classname="edu.stanford.nlp.trees.UniversalEnglishGrammaticalStructureTest" time="0.0"/>
  <testcase name="doTest[209]" classname="edu.stanford.nlp.trees.UniversalEnglishGrammaticalStructureTest" time="0.001"/>
  <testcase name="doTest[210]" classname="edu.stanford.nlp.trees.UniversalEnglishGrammaticalStructureTest" time="0.0"/>
  <testcase name="doTest[211]" classname="edu.stanford.nlp.trees.UniversalEnglishGrammaticalStructureTest" time="0.001"/>
  <testcase name="doTest[212]" classname="edu.stanford.nlp.trees.UniversalEnglishGrammaticalStructureTest" time="0.001"/>
  <testcase name="doTest[213]" classname="edu.stanford.nlp.trees.UniversalEnglishGrammaticalStructureTest" time="0.001"/>
  <testcase name="doTest[214]" classname="edu.stanford.nlp.trees.UniversalEnglishGrammaticalStructureTest" time="0.002"/>
  <testcase name="doTest[215]" classname="edu.stanford.nlp.trees.UniversalEnglishGrammaticalStructureTest" time="0.002"/>
  <testcase name="doTest[216]" classname="edu.stanford.nlp.trees.UniversalEnglishGrammaticalStructureTest" time="0.002"/>
  <testcase name="doTest[217]" classname="edu.stanford.nlp.trees.UniversalEnglishGrammaticalStructureTest" time="0.002"/>
  <testcase name="doTest[218]" classname="edu.stanford.nlp.trees.UniversalEnglishGrammaticalStructureTest" time="0.0"/>
  <testcase name="doTest[219]" classname="edu.stanford.nlp.trees.UniversalEnglishGrammaticalStructureTest" time="0.001"/>
  <testcase name="doTest[220]" classname="edu.stanford.nlp.trees.UniversalEnglishGrammaticalStructureTest" time="0.001"/>
  <testcase name="doTest[221]" classname="edu.stanford.nlp.trees.UniversalEnglishGrammaticalStructureTest" time="0.001"/>
  <testcase name="doTest[222]" classname="edu.stanford.nlp.trees.UniversalEnglishGrammaticalStructureTest" time="0.001"/>
  <testcase name="doTest[223]" classname="edu.stanford.nlp.trees.UniversalEnglishGrammaticalStructureTest" time="0.0"/>
  <testcase name="doTest[224]" classname="edu.stanford.nlp.trees.UniversalEnglishGrammaticalStructureTest" time="0.0"/>
  <testcase name="doTest[225]" classname="edu.stanford.nlp.trees.UniversalEnglishGrammaticalStructureTest" time="0.002"/>
  <testcase name="doTest[226]" classname="edu.stanford.nlp.trees.UniversalEnglishGrammaticalStructureTest" time="0.001"/>
  <testcase name="doTest[227]" classname="edu.stanford.nlp.trees.UniversalEnglishGrammaticalStructureTest" time="0.001"/>
  <testcase name="doTest[228]" classname="edu.stanford.nlp.trees.UniversalEnglishGrammaticalStructureTest" time="0.002"/>
  <testcase name="doTest[229]" classname="edu.stanford.nlp.trees.UniversalEnglishGrammaticalStructureTest" time="0.0"/>
  <testcase name="doTest[230]" classname="edu.stanford.nlp.trees.UniversalEnglishGrammaticalStructureTest" time="0.0"/>
  <testcase name="doTest[231]" classname="edu.stanford.nlp.trees.UniversalEnglishGrammaticalStructureTest" time="0.001"/>
  <testcase name="doTest[232]" classname="edu.stanford.nlp.trees.UniversalEnglishGrammaticalStructureTest" time="0.001"/>
  <testcase name="doTest[233]" classname="edu.stanford.nlp.trees.UniversalEnglishGrammaticalStructureTest" time="0.001"/>
  <testcase name="doTest[234]" classname="edu.stanford.nlp.trees.UniversalEnglishGrammaticalStructureTest" time="0.001"/>
  <testcase name="doTest[235]" classname="edu.stanford.nlp.trees.UniversalEnglishGrammaticalStructureTest" time="0.001"/>
  <testcase name="doTest[236]" classname="edu.stanford.nlp.trees.UniversalEnglishGrammaticalStructureTest" time="0.0"/>
  <testcase name="doTest[237]" classname="edu.stanford.nlp.trees.UniversalEnglishGrammaticalStructureTest" time="0.001"/>
  <testcase name="doTest[238]" classname="edu.stanford.nlp.trees.UniversalEnglishGrammaticalStructureTest" time="0.002"/>
  <testcase name="doTest[239]" classname="edu.stanford.nlp.trees.UniversalEnglishGrammaticalStructureTest" time="0.002"/>
  <testcase name="doTest[240]" classname="edu.stanford.nlp.trees.UniversalEnglishGrammaticalStructureTest" time="0.001"/>
  <testcase name="doTest[241]" classname="edu.stanford.nlp.trees.UniversalEnglishGrammaticalStructureTest" time="0.0"/>
  <testcase name="doTest[242]" classname="edu.stanford.nlp.trees.UniversalEnglishGrammaticalStructureTest" time="0.002"/>
  <testcase name="doTest[243]" classname="edu.stanford.nlp.trees.UniversalEnglishGrammaticalStructureTest" time="0.001"/>
  <testcase name="doTest[244]" classname="edu.stanford.nlp.trees.UniversalEnglishGrammaticalStructureTest" time="0.001"/>
  <testcase name="doTest[245]" classname="edu.stanford.nlp.trees.UniversalEnglishGrammaticalStructureTest" time="0.001"/>
  <testcase name="doTest[246]" classname="edu.stanford.nlp.trees.UniversalEnglishGrammaticalStructureTest" time="0.001"/>
  <testcase name="doTest[247]" classname="edu.stanford.nlp.trees.UniversalEnglishGrammaticalStructureTest" time="0.001"/>
  <testcase name="doTest[248]" classname="edu.stanford.nlp.trees.UniversalEnglishGrammaticalStructureTest" time="0.001"/>
  <testcase name="doTest[249]" classname="edu.stanford.nlp.trees.UniversalEnglishGrammaticalStructureTest" time="0.0"/>
  <testcase name="doTest[250]" classname="edu.stanford.nlp.trees.UniversalEnglishGrammaticalStructureTest" time="0.001"/>
  <testcase name="doTest[251]" classname="edu.stanford.nlp.trees.UniversalEnglishGrammaticalStructureTest" time="0.004"/>
  <testcase name="doTest[252]" classname="edu.stanford.nlp.trees.UniversalEnglishGrammaticalStructureTest" time="0.001"/>
  <testcase name="doTest[253]" classname="edu.stanford.nlp.trees.UniversalEnglishGrammaticalStructureTest" time="0.001"/>
  <testcase name="doTest[254]" classname="edu.stanford.nlp.trees.UniversalEnglishGrammaticalStructureTest" time="0.001"/>
  <testcase name="doTest[255]" classname="edu.stanford.nlp.trees.UniversalEnglishGrammaticalStructureTest" time="0.0"/>
  <testcase name="doTest[256]" classname="edu.stanford.nlp.trees.UniversalEnglishGrammaticalStructureTest" time="0.001"/>
  <testcase name="doTest[257]" classname="edu.stanford.nlp.trees.UniversalEnglishGrammaticalStructureTest" time="0.0"/>
  <testcase name="doTest[258]" classname="edu.stanford.nlp.trees.UniversalEnglishGrammaticalStructureTest" time="0.0"/>
  <testcase name="doTest[259]" classname="edu.stanford.nlp.trees.UniversalEnglishGrammaticalStructureTest" time="0.001"/>
  <testcase name="doTest[260]" classname="edu.stanford.nlp.trees.UniversalEnglishGrammaticalStructureTest" time="0.0"/>
  <testcase name="doTest[261]" classname="edu.stanford.nlp.trees.UniversalEnglishGrammaticalStructureTest" time="0.001"/>
  <testcase name="doTest[262]" classname="edu.stanford.nlp.trees.UniversalEnglishGrammaticalStructureTest" time="0.001"/>
  <testcase name="doTest[263]" classname="edu.stanford.nlp.trees.UniversalEnglishGrammaticalStructureTest" time="0.001"/>
  <testcase name="doTest[264]" classname="edu.stanford.nlp.trees.UniversalEnglishGrammaticalStructureTest" time="0.001"/>
  <testcase name="doTest[265]" classname="edu.stanford.nlp.trees.UniversalEnglishGrammaticalStructureTest" time="0.001"/>
  <testcase name="doTest[266]" classname="edu.stanford.nlp.trees.UniversalEnglishGrammaticalStructureTest" time="0.0"/>
  <testcase name="doTest[267]" classname="edu.stanford.nlp.trees.UniversalEnglishGrammaticalStructureTest" time="0.001"/>
  <testcase name="doTest[268]" classname="edu.stanford.nlp.trees.UniversalEnglishGrammaticalStructureTest" time="0.001"/>
  <testcase name="doTest[269]" classname="edu.stanford.nlp.trees.UniversalEnglishGrammaticalStructureTest" time="0.001"/>
</testsuite>